2018-11-28 14:14:09 [INFO] pandownload version: 2.0.4
2018-11-28 14:14:12 [INFO] aria2 version: 1.34.0
2018-11-28 14:14:12 [INFO] aria2 json-rpc path: http://token:pandownload@127.0.0.1:6808/jsonrpc
2018-11-28 14:14:12 [INFO] create main window
2018-11-28 14:14:12 [INFO] verify cookie (599)
2018-11-28 14:14:14 [INFO] user login success (1802761965): w让她依靠
2018-11-28 16:54:32 [WARN] panerr (0x100000007)
2018-11-28 16:54:32 [WARN] request error (0x100000007): https://pan.baidu.com/api/quota 
2018-11-28 16:55:14 [WARN] panerr (0x100000006)
2018-11-28 16:55:14 [WARN] request error (0x100000006): https://pan.baidu.com/api/quota 
2018-11-28 16:55:57 [WARN] panerr (0x100000006)
2018-11-28 16:55:57 [WARN] request error (0x100000006): https://pan.baidu.com/api/quota 
2018-11-28 16:56:37 [WARN] panerr (0x100000006)
2018-11-28 16:56:37 [WARN] request error (0x100000006): https://pan.baidu.com/api/quota 
2018-11-28 16:57:14 [WARN] panerr (0x100000006)
2018-11-28 16:57:52 [WARN] panerr (0x100000006)
2018-11-28 16:57:52 [WARN] request error (0x100000006): https://pan.baidu.com/api/quota 
2018-11-28 16:58:32 [WARN] panerr (0x100000006)
2018-11-28 16:58:32 [WARN] request error (0x100000006): https://pan.baidu.com/api/quota 
2018-11-28 16:59:10 [WARN] panerr (0x100000006)
2018-11-28 16:59:10 [WARN] request error (0x100000006): https://pan.baidu.com/api/quota 
2018-11-28 18:24:21 [WARN] panerr (0x10000001c)
2018-11-28 18:24:21 [WARN] request error (0x10000001c): https://pan.baidu.com/api/quota 
2018-11-28 18:24:53 [WARN] panerr (0x100000006)
2018-11-28 18:24:53 [WARN] request error (0x100000006): https://pan.baidu.com/api/quota 
2018-11-28 20:47:01 [WARN] panerr (0x100000007)
2018-11-28 20:47:01 [WARN] request error (0x100000007): https://pan.baidu.com/api/quota 
2018-11-29 19:06:28 [WARN] panerr (0x100000006)
2018-11-29 19:06:28 [WARN] request error (0x100000006): https://pan.baidu.com/api/quota 
